<?xml version="1.0" encoding="utf-8"?><testsuites name="pytest tests"><testsuite name="pytest" errors="0" failures="0" skipped="0" tests="11" time="7.043" timestamp="2026-03-01T21:26:06.857991+00:00" hostname="agent-env-3c9d9bee-863f-46e0-9b35-ed1171521fea"><testcase classname="backend.tests.test_new_features.TestAuthentication" name="test_login_success" time="0.503" /><testcase classname="backend.tests.test_new_features.TestNotificationDeleteAll" name="test_delete_all_notifications" time="0.474" /><testcase classname="backend.tests.test_new_features.TestNotificationMarkAllRead" name="test_mark_all_as_read" time="0.506" /><testcase classname="backend.tests.test_new_features.TestProfileUpdate" name="test_update_profile_name" time="0.567" /><testcase classname="backend.tests.test_new_features.TestProfileUpdate" name="test_update_profile_discord_username" time="0.269" /><testcase classname="backend.tests.test_new_features.TestChangePassword" name="test_change_password_wrong_current" time="0.686" /><testcase classname="backend.tests.test_new_features.TestChangePassword" name="test_change_password_success_and_restore" time="1.808" /><testcase classname="backend.tests.test_new_features.TestPasswordResetFlow" name="test_request_password_reset_returns_token" time="0.118" /><testcase classname="backend.tests.test_new_features.TestPasswordResetFlow" name="test_request_reset_nonexistent_email" time="0.119" /><testcase classname="backend.tests.test_new_features.TestPasswordResetFlow" name="test_reset_password_flow" time="1.772" /><testcase classname="backend.tests.test_new_features.TestPasswordResetFlow" name="test_reset_password_invalid_token" time="0.109" /></testsuite></testsuites>