<?xml version="1.0" encoding="utf-8"?><testsuites name="pytest tests"><testsuite name="pytest" errors="0" failures="0" skipped="0" tests="11" time="7.940" timestamp="2026-03-01T20:59:14.982354+00:00" hostname="agent-env-3c9d9bee-863f-46e0-9b35-ed1171521fea"><testcase classname="backend.tests.test_order_number_system.TestOrderNumberGeneration" name="test_order_number_format" time="0.793" /><testcase classname="backend.tests.test_order_number_system.TestOrderNumberGeneration" name="test_order_number_uniqueness" time="1.070" /><testcase classname="backend.tests.test_order_number_system.TestAdminSearchByOrderNumber" name="test_search_by_exact_order_number" time="0.739" /><testcase classname="backend.tests.test_order_number_system.TestAdminSearchByOrderNumber" name="test_search_by_partial_order_number" time="0.772" /><testcase classname="backend.tests.test_order_number_system.TestAdminSearchByEmail" name="test_search_by_email" time="0.676" /><testcase classname="backend.tests.test_order_number_system.TestAdminSearchByDiscord" name="test_search_by_discord_username" time="0.729" /><testcase classname="backend.tests.test_order_number_system.TestUserRequestsWithOrderNumber" name="test_user_requests_include_order_number" time="0.706" /><testcase classname="backend.tests.test_order_number_system.TestAdminRequestListWithOrderNumber" name="test_admin_list_includes_order_number" time="0.433" /><testcase classname="backend.tests.test_order_number_system.TestAdminActionsStillWork" name="test_approve_request_still_works" time="0.637" /><testcase classname="backend.tests.test_order_number_system.TestAdminActionsStillWork" name="test_reject_request_still_works" time="0.672" /><testcase classname="backend.tests.test_order_number_system.TestAdminActionsStillWork" name="test_delete_request_still_works" time="0.591" /></testsuite></testsuites>