<?xml version="1.0" encoding="utf-8"?><testsuites name="pytest tests"><testsuite name="pytest" errors="0" failures="0" skipped="0" tests="12" time="4.795" timestamp="2026-02-28T13:12:56.471215+00:00" hostname="agent-env-56094f99-30c5-4c55-b9b5-6d1a042f6ff3"><testcase classname="tests.test_api.TestHealthAndBasics" name="test_health_check" time="0.169" /><testcase classname="tests.test_api.TestHealthAndBasics" name="test_api_root" time="0.113" /><testcase classname="tests.test_api.TestAuthentication" name="test_login_success" time="0.364" /><testcase classname="tests.test_api.TestAuthentication" name="test_login_invalid_credentials" time="0.103" /><testcase classname="tests.test_api.TestAuthentication" name="test_get_me_endpoint" time="0.449" /><testcase classname="tests.test_api.TestAdminPurchaseRequests" name="test_list_purchase_requests" time="0.431" /><testcase classname="tests.test_api.TestAdminPurchaseRequests" name="test_create_and_delete_purchase_request" time="0.609" /><testcase classname="tests.test_api.TestAdminPurchaseRequests" name="test_approve_purchase_request" time="0.704" /><testcase classname="tests.test_api.TestAdminPurchaseRequests" name="test_reject_purchase_request" time="0.652" /><testcase classname="tests.test_api.TestAdminStats" name="test_get_admin_stats" time="0.446" /><testcase classname="tests.test_api.TestAdminUsers" name="test_list_users" time="0.433" /><testcase classname="tests.test_api.TestEmailCapture" name="test_save_email" time="0.135" /></testsuite></testsuites>