<?xml version="1.0" encoding="utf-8"?><testsuites name="pytest tests"><testsuite name="pytest" errors="0" failures="0" skipped="0" tests="19" time="14.509" timestamp="2026-03-01T21:13:58.061405+00:00" hostname="agent-env-3c9d9bee-863f-46e0-9b35-ed1171521fea"><testcase classname="backend.tests.test_revenue_flow_analytics.TestNewStatusValues" name="test_status_completed_accepted" time="1.177" /><testcase classname="backend.tests.test_revenue_flow_analytics.TestNewStatusValues" name="test_status_cancelled_accepted" time="0.889" /><testcase classname="backend.tests.test_revenue_flow_analytics.TestNewStatusValues" name="test_invalid_status_rejected" time="0.684" /><testcase classname="backend.tests.test_revenue_flow_analytics.TestRevenueFlow" name="test_approve_does_not_create_purchase" time="1.113" /><testcase classname="backend.tests.test_revenue_flow_analytics.TestRevenueFlow" name="test_complete_creates_purchase" time="1.179" /><testcase classname="backend.tests.test_revenue_flow_analytics.TestRevenueFlow" name="test_complete_creates_purchase_with_correct_price_1_week" time="0.981" /><testcase classname="backend.tests.test_revenue_flow_analytics.TestRevenueFlow" name="test_complete_creates_purchase_with_correct_price_1_month" time="1.016" /><testcase classname="backend.tests.test_revenue_flow_analytics.TestRevenueFlow" name="test_complete_creates_purchase_with_correct_price_2_months" time="0.939" /><testcase classname="backend.tests.test_revenue_flow_analytics.TestRevenueFlow" name="test_cancel_does_not_create_purchase" time="1.139" /><testcase classname="backend.tests.test_revenue_flow_analytics.TestAdminStats" name="test_stats_includes_approved_requests" time="0.477" /><testcase classname="backend.tests.test_revenue_flow_analytics.TestAdminStats" name="test_stats_includes_completed_requests" time="0.473" /><testcase classname="backend.tests.test_revenue_flow_analytics.TestAdminStats" name="test_stats_counts_are_accurate" time="1.214" /><testcase classname="backend.tests.test_revenue_flow_analytics.TestAnalyticsEndpoint" name="test_analytics_endpoint_exists" time="0.494" /><testcase classname="backend.tests.test_revenue_flow_analytics.TestAnalyticsEndpoint" name="test_analytics_includes_daily_registrations" time="0.493" /><testcase classname="backend.tests.test_revenue_flow_analytics.TestAnalyticsEndpoint" name="test_analytics_includes_monthly_revenue" time="0.519" /><testcase classname="backend.tests.test_revenue_flow_analytics.TestAnalyticsEndpoint" name="test_analytics_includes_daily_revenue" time="0.472" /><testcase classname="backend.tests.test_revenue_flow_analytics.TestAnalyticsEndpoint" name="test_analytics_includes_status_distribution" time="0.514" /><testcase classname="backend.tests.test_revenue_flow_analytics.TestAnalyticsEndpoint" name="test_analytics_includes_product_distribution" time="0.493" /><testcase classname="backend.tests.test_revenue_flow_analytics.TestAnalyticsRequiresAuth" name="test_analytics_without_auth_fails" time="0.106" /></testsuite></testsuites>